\BOOKMARK [0][-]{part.1}{\376\377\000I\000\040\121\150\173\111\116\016\166\370\117\074}{}% 1
\BOOKMARK [1][-]{section.1}{\376\377\121\150\173\111\116\011\211\322\137\142}{part.1}% 2
\BOOKMARK [2][-]{subsection.1.1}{\376\377\127\372\170\100\133\232\116\111}{section.1}% 3
\BOOKMARK [2][-]{subsection.1.2}{\376\377\122\044\133\232\133\232\164\006}{section.1}% 4
\BOOKMARK [1][-]{section.2}{\376\377\136\163\210\114\176\277\122\006\176\277\153\265\142\020\153\324\117\213\133\232\164\006}{part.1}% 5
\BOOKMARK [1][-]{section.3}{\376\377\166\370\117\074\116\011\211\322\137\142}{part.1}% 6
\BOOKMARK [2][-]{subsection.3.1}{\376\377\127\372\147\054\151\202\137\365}{section.3}% 7
\BOOKMARK [2][-]{subsection.3.2}{\376\377\122\044\133\232\133\232\164\006}{section.3}% 8
\BOOKMARK [2][-]{subsection.3.3}{\376\377\136\070\211\301\137\142\137\017}{section.3}% 9
\BOOKMARK [2][-]{subsection.3.4}{\376\377\134\004\137\161\133\232\164\006}{section.3}% 10
\BOOKMARK [0][-]{part.2}{\376\377\000I\000I\000\040\127\006}{}% 11
\BOOKMARK [1][-]{section.4}{\376\377\127\372\147\054\140\047\215\050}{part.2}% 12
\BOOKMARK [1][-]{section.5}{\376\377\127\202\137\204\133\232\164\006}{part.2}% 13
\BOOKMARK [1][-]{section.6}{\376\377\127\006\124\150\211\322\133\232\164\006}{part.2}% 14
\BOOKMARK [1][-]{section.7}{\376\377\160\271\116\016\127\006\166\204\117\115\177\156\121\163\174\373}{part.2}% 15
\BOOKMARK [1][-]{section.8}{\376\377\166\364\176\277\116\016\127\006\166\204\117\115\177\156\121\163\174\373}{part.2}% 16
\BOOKMARK [2][-]{subsection.8.1}{\376\377\166\370\116\244\137\046\133\232\164\006}{section.8}% 17
\BOOKMARK [2][-]{subsection.8.2}{\376\377\122\162\176\277\133\232\164\006}{section.8}% 18
\BOOKMARK [2][-]{subsection.8.3}{\376\377\122\007\122\162\176\277\133\232\164\006}{section.8}% 19
\BOOKMARK [2][-]{subsection.8.4}{\376\377\127\006\116\016\127\006\166\204\117\115\177\156\121\163\174\373}{section.8}% 20
\BOOKMARK [1][-]{section.9}{\376\377\131\026\143\245\127\006}{part.2}% 21
\BOOKMARK [1][-]{section.10}{\376\377\126\333\160\271\121\161\127\006}{part.2}% 22
\BOOKMARK [1][-]{section.11}{\376\377\207\164\207\166\133\232\164\006}{part.2}% 23
\BOOKMARK [1][-]{section.12}{\376\377\142\130\122\322\133\306\000\050\000P\000t\000o\000l\000e\000m\000y\000\051\133\232\164\006}{part.2}% 24
\BOOKMARK [0][-]{part.3}{\376\377\000I\000I\000I\000\040\116\011\211\322\137\142\116\224\137\303}{}% 25
\BOOKMARK [1][-]{section.13}{\376\377\131\026\137\303}{part.3}% 26
\BOOKMARK [1][-]{section.14}{\376\377\121\205\137\303}{part.3}% 27
\BOOKMARK [1][-]{section.15}{\376\377\127\202\137\303}{part.3}% 28
\BOOKMARK [2][-]{subsection.15.1}{\376\377\127\202\215\263\116\011\211\322\137\142}{section.15}% 29
\BOOKMARK [2][-]{subsection.15.2}{\376\377\127\202\137\303\166\204\133\371\171\360\140\047\215\050}{section.15}% 30
\BOOKMARK [1][-]{section.16}{\376\377\221\315\137\303}{part.3}% 31
\BOOKMARK [1][-]{section.17}{\376\377\145\301\137\303}{part.3}% 32
\BOOKMARK [2][-]{subsection.17.1}{\376\377\236\041\162\052\133\232\164\006}{section.17}% 33
\BOOKMARK [2][-]{subsection.17.2}{\376\377\145\301\137\303\116\011\211\322\137\142}{section.17}% 34
\BOOKMARK [0][-]{part.4}{\376\377\000I\000V\000\040\127\006\136\102\116\016\150\071\137\303}{}% 35
\BOOKMARK [1][-]{section.18}{\376\377\127\006\136\102}{part.4}% 36
\BOOKMARK [1][-]{section.19}{\376\377\150\071\217\164}{part.4}% 37
\BOOKMARK [1][-]{section.20}{\376\377\150\071\137\303}{part.4}% 38
\BOOKMARK [0][-]{part.5}{\376\377\000V\000\040\116\011\160\271\121\161\176\277\116\016\116\011\176\277\121\161\160\271}{}% 39
\BOOKMARK [1][-]{section.21}{\376\377\150\205\155\205\122\263\145\257\133\232\164\006}{part.5}% 40
\BOOKMARK [1][-]{section.22}{\376\377\130\136\164\346\133\232\164\006}{part.5}% 41
\BOOKMARK [1][-]{section.23}{\376\377\211\177\131\306\147\176\133\232\164\006}{part.5}% 42
\BOOKMARK [1][-]{section.24}{\376\377\136\025\146\156\145\257\133\232\164\006}{part.5}% 43
\BOOKMARK [1][-]{section.25}{\376\377\136\025\145\257\123\141\133\232\164\006}{part.5}% 44
\BOOKMARK [1][-]{section.26}{\376\377\122\322\203\253\140\151\133\232\164\006}{part.5}% 45
\BOOKMARK [1][-]{section.27}{\376\377\173\033\154\231\150\074\133\232\164\006}{part.5}% 46
\BOOKMARK [1][-]{section.28}{\376\377\136\003\142\311\177\216\123\344\130\124\000\050\132\106\177\127\144\151\173\010\131\032\000\051\133\232\164\006}{part.5}% 47
\BOOKMARK [1][-]{section.29}{\376\377\162\133\230\177\133\232\164\006}{part.5}% 48
\BOOKMARK [1][-]{section.30}{\376\377\136\003\122\051\133\211\231\231\133\232\164\006}{part.5}% 49
